\BOOKMARK [0][-]{chapter*.2}{\376\377\000L\000i\000s\000t\000\040\000o\000f\000\040\000F\000i\000g\000u\000r\000e\000s}{}% 1
\BOOKMARK [0][-]{chapter.1}{\376\377\000I\000n\000t\000r\000o\000d\000u\000c\000t\000i\000o\000n}{}% 2
\BOOKMARK [1][-]{section.1.1}{\376\377\000C\000o\000n\000t\000e\000x\000t}{chapter.1}% 3
\BOOKMARK [1][-]{section.1.2}{\376\377\000O\000b\000j\000e\000c\000t\000i\000v\000e}{chapter.1}% 4
\BOOKMARK [1][-]{section.1.3}{\376\377\000M\000o\000t\000i\000v\000a\000t\000i\000o\000n}{chapter.1}% 5
\BOOKMARK [1][-]{section.1.4}{\376\377\000T\000h\000e\000s\000i\000s\000\040\000s\000t\000r\000u\000c\000t\000u\000r\000e}{chapter.1}% 6
\BOOKMARK [0][-]{chapter.2}{\376\377\000C\000o\000n\000t\000r\000i\000b\000u\000t\000i\000o\000n\000s}{}% 7
\BOOKMARK [1][-]{section.2.1}{\376\377\000A\000\040\000w\000a\000y\000\040\000t\000o\000\040\000c\000o\000n\000t\000r\000i\000b\000u\000t\000e}{chapter.2}% 8
\BOOKMARK [1][-]{section.2.2}{\376\377\000E\000n\000h\000a\000n\000c\000e\000m\000e\000n\000t\000\040\000o\000f\000\040\000o\000p\000t\000i\000m\000i\000z\000a\000t\000i\000o\000n\000\040\000s\000t\000e\000p\000s}{chapter.2}% 9
\BOOKMARK [1][-]{section.2.3}{\376\377\000R\000e\000d\000u\000c\000i\000n\000g\000\040\000g\000a\000s\000\040\000u\000s\000a\000g\000e\000\040\000o\000f\000\040\000s\000m\000a\000r\000t\000\040\000c\000o\000n\000t\000r\000a\000c\000t\000s}{chapter.2}% 10
\BOOKMARK [0][-]{chapter.3}{\376\377\000S\000o\000l\000i\000d\000i\000t\000y}{}% 11
\BOOKMARK [1][-]{section.3.1}{\376\377\000O\000v\000e\000r\000v\000i\000e\000w}{chapter.3}% 12
\BOOKMARK [1][-]{section.3.2}{\376\377\000S\000o\000l\000i\000d\000i\000t\000y\000'\000s\000\040\000C\000o\000m\000p\000i\000l\000e\000r\000\040\000a\000n\000d\000\040\000O\000p\000t\000i\000m\000i\000z\000e\000r}{chapter.3}% 13
\BOOKMARK [1][-]{section.3.3}{\376\377\000I\000n\000t\000e\000r\000m\000e\000d\000i\000a\000t\000e\000\040\000R\000e\000p\000r\000e\000s\000e\000n\000t\000a\000t\000i\000o\000n\000s}{chapter.3}% 14
\BOOKMARK [1][-]{section.3.4}{\376\377\000O\000t\000h\000e\000r\000\040\000t\000o\000o\000l\000s\000\040\000p\000e\000r\000f\000o\000r\000m\000i\000n\000g\000\040\000s\000t\000a\000t\000i\000c\000\040\000a\000n\000a\000l\000y\000s\000i\000s}{chapter.3}% 15
\BOOKMARK [2][-]{subsection.3.4.1}{\376\377\000S\000o\000l\000i\000d\000i\000t\000y\000\040\000I\000n\000s\000t\000r\000u\000m\000e\000n\000t\000a\000t\000i\000o\000n\000\040\000F\000r\000a\000m\000e\000w\000o\000r\000k\000\040\000\050\000S\000I\000F\000\051}{section.3.4}% 16
\BOOKMARK [2][-]{subsection.3.4.2}{\376\377\000S\000l\000i\000t\000h\000e\000r}{section.3.4}% 17
\BOOKMARK [2][-]{subsection.3.4.3}{\376\377\000W\000h\000y\000\040\000f\000o\000c\000u\000s\000\040\000o\000n\000\040\000t\000h\000e\000\040\000o\000f\000f\000i\000c\000i\000a\000l\000\040\000o\000p\000t\000i\000m\000i\000z\000e\000r}{section.3.4}% 18
\BOOKMARK [0][-]{chapter.4}{\376\377\000S\000t\000a\000t\000i\000c\000\040\000A\000n\000a\000l\000y\000s\000i\000s}{}% 19
\BOOKMARK [1][-]{section.4.1}{\376\377\000C\000o\000n\000t\000r\000o\000l\000\040\000F\000l\000o\000w\000\040\000G\000r\000a\000p\000h\000s}{chapter.4}% 20
\BOOKMARK [2][-]{subsection.4.1.1}{\376\377\000O\000v\000e\000r\000v\000i\000e\000w}{section.4.1}% 21
\BOOKMARK [2][-]{subsection.4.1.2}{\376\377\000P\000r\000o\000p\000e\000r\000t\000i\000e\000s}{section.4.1}% 22
\BOOKMARK [2][-]{subsection.4.1.3}{\376\377\000U\000s\000a\000g\000e\000\040\000e\000x\000a\000m\000p\000l\000e\000s\000.\000\040\000L\000o\000c\000a\000l\000\040\000a\000n\000d\000\040\000g\000l\000o\000b\000a\000l\000\040\000o\000p\000t\000i\000m\000i\000z\000a\000t\000i\000o\000n\000s}{section.4.1}% 23
\BOOKMARK [1][-]{section.4.2}{\376\377\000D\000a\000t\000a\000\040\000F\000l\000o\000w\000\040\000A\000n\000a\000l\000y\000s\000i\000s}{chapter.4}% 24
\BOOKMARK [2][-]{subsection.4.2.1}{\376\377\000O\000v\000e\000r\000v\000i\000e\000w}{section.4.2}% 25
\BOOKMARK [0][-]{chapter.5}{\376\377\000Y\000U\000L\000\040\000O\000p\000t\000i\000m\000i\000z\000e\000r\000\040\000D\000e\000e\000p\000\040\000D\000i\000v\000e}{}% 26
\BOOKMARK [1][-]{section.5.1}{\376\377\000O\000p\000t\000i\000m\000i\000z\000a\000t\000i\000o\000n\000\040\000f\000l\000o\000w}{chapter.5}% 27
\BOOKMARK [1][-]{section.5.2}{\376\377\000U\000n\000u\000s\000e\000d\000P\000r\000u\000n\000e\000r\000.\000\040\000U\000n\000u\000s\000e\000d\000A\000s\000s\000i\000g\000n\000E\000l\000i\000m\000i\000n\000a\000t\000o\000r\000.}{chapter.5}% 28
\BOOKMARK [2][-]{subsection.5.2.1}{\376\377\000V\000a\000r\000i\000a\000b\000l\000e\000\040\000s\000t\000a\000t\000e\000s\000\040\000i\000n\000\040\000U\000n\000u\000s\000e\000d\000A\000s\000s\000i\000g\000n\000E\000l\000i\000m\000i\000n\000a\000t\000o\000r}{section.5.2}% 29
\BOOKMARK [1][-]{section.5.3}{\376\377\000H\000a\000n\000d\000l\000i\000n\000g\000\040\000t\000e\000r\000m\000i\000n\000a\000t\000i\000o\000n\000\040\000f\000l\000o\000w\000s}{chapter.5}% 30
\BOOKMARK [1][-]{section.5.4}{\376\377\000P\000r\000u\000n\000i\000n\000g\000\040\000r\000e\000d\000u\000n\000d\000a\000n\000t\000\040\000t\000e\000r\000m\000i\000n\000a\000t\000i\000o\000n\000\040\000f\000l\000o\000w\000s}{chapter.5}% 31
\BOOKMARK [0][-]{chapter.6}{\376\377\000V\000a\000l\000i\000d\000a\000t\000i\000o\000n\000\040\000a\000n\000d\000\040\000b\000e\000n\000c\000h\000m\000a\000r\000k\000i\000n\000g}{}% 32
\BOOKMARK [0][-]{chapter.7}{\376\377\000C\000o\000n\000c\000l\000u\000s\000i\000o\000n\000s}{}% 33
\BOOKMARK [0][-]{chapter*.86}{\376\377\000B\000i\000b\000l\000i\000o\000g\000r\000a\000p\000h\000y}{}% 34
\BOOKMARK [0][-]{section*.87}{\376\377\000A\000p\000p\000e\000n\000d\000i\000c\000e\000s}{}% 35
\BOOKMARK [0][-]{appendix.1.A}{\376\377\000T\000e\000r\000m\000i\000n\000a\000t\000i\000o\000n\0001\000\040\000c\000o\000n\000t\000r\000a\000c\000t}{}% 36
\BOOKMARK [0][-]{appendix.1.B}{\376\377\000T\000e\000r\000m\000i\000n\000a\000t\000i\000o\000n\0002\000\040\000c\000o\000n\000t\000r\000a\000c\000t}{}% 37
\BOOKMARK [0][-]{appendix.1.C}{\376\377\000T\000e\000r\000m\000i\000n\000a\000t\000i\000o\000n\0003\000\040\000c\000o\000n\000t\000r\000a\000c\000t}{}% 38
\BOOKMARK [0][-]{appendix.1.D}{\376\377\000T\000e\000r\000m\000i\000n\000a\000t\000i\000o\000n\0004\000\040\000c\000o\000n\000t\000r\000a\000c\000t}{}% 39
\BOOKMARK [0][-]{appendix.1.E}{\376\377\000T\000e\000r\000m\000i\000n\000a\000t\000i\000o\000n\0005\000\040\000c\000o\000n\000t\000r\000a\000c\000t}{}% 40
\BOOKMARK [0][-]{appendix.1.F}{\376\377\000T\000e\000r\000m\000i\000n\000a\000t\000i\000o\000n\0006\000\040\000c\000o\000n\000t\000r\000a\000c\000t}{}% 41
\BOOKMARK [0][-]{appendix.1.G}{\376\377\000T\000e\000r\000m\000i\000n\000a\000t\000i\000o\000n\0007\000\040\000c\000o\000n\000t\000r\000a\000c\000t}{}% 42
