This is pdfTeX, Version 3.141592653-2.6-1.40.24 (TeX Live 2022) (preloaded format=pdflatex 2022.5.25)  20 JUN 2022 19:56
entering extended mode
 restricted \write18 enabled.
 file:line:error style messages enabled.
 %&-line parsing enabled.
**/Users/sergiuiacob/solidity-optimization-with-control-flow-graphs/thesis/main.tex
(/Users/sergiuiacob/solidity-optimization-with-control-flow-graphs/thesis/main.tex
LaTeX2e <2021-11-15> patch level 1
L3 programming layer <2022-02-24> (/usr/local/texlive/2022/texmf-dist/tex/latex/base/report.cls
Document Class: report 2021/10/04 v1.4n Standard LaTeX document class
(/usr/local/texlive/2022/texmf-dist/tex/latex/base/size12.clo
File: size12.clo 2021/10/04 v1.4n Standard LaTeX file (size option)
)
\c@part=\count185
\c@chapter=\count186
\c@section=\count187
\c@subsection=\count188
\c@subsubsection=\count189
\c@paragraph=\count190
\c@subparagraph=\count191
\c@figure=\count192
\c@table=\count193
\abovecaptionskip=\skip47
\belowcaptionskip=\skip48
\bibindent=\dimen138
) (/usr/local/texlive/2022/texmf-dist/tex/latex/listings/listings.sty (/usr/local/texlive/2022/texmf-dist/tex/latex/graphics/keyval.sty
Package: keyval 2014/10/28 v1.15 key=value parser (DPC)
\KV@toks@=\toks16
)
\lst@mode=\count194
\lst@gtempboxa=\box50
\lst@token=\toks17
\lst@length=\count195
\lst@currlwidth=\dimen139
\lst@column=\count196
\lst@pos=\count197
\lst@lostspace=\dimen140
\lst@width=\dimen141
\lst@newlines=\count198
\lst@lineno=\count199
\lst@maxwidth=\dimen142
 (/usr/local/texlive/2022/texmf-dist/tex/latex/listings/lstmisc.sty
File: lstmisc.sty 2020/03/24 1.8d (Carsten Heinz)
\c@lstnumber=\count266
\lst@skipnumbers=\count267
\lst@framebox=\box51
) (/usr/local/texlive/2022/texmf-dist/tex/latex/listings/listings.cfg
File: listings.cfg 2020/03/24 1.8d listings configuration
))
Package: listings 2020/03/24 1.8d (Carsten Heinz)
 (/usr/local/texlive/2022/texmf-dist/tex/latex/geometry/geometry.sty
Package: geometry 2020/01/02 v5.9 Page Geometry
 (/usr/local/texlive/2022/texmf-dist/tex/generic/iftex/ifvtex.sty
Package: ifvtex 2019/10/25 v1.7 ifvtex legacy package. Use iftex instead.
 (/usr/local/texlive/2022/texmf-dist/tex/generic/iftex/iftex.sty
Package: iftex 2022/02/03 v1.0f TeX engine tests
))
\Gm@cnth=\count268
\Gm@cntv=\count269
\c@Gm@tempcnt=\count270
\Gm@bindingoffset=\dimen143
\Gm@wd@mp=\dimen144
\Gm@odd@mp=\dimen145
\Gm@even@mp=\dimen146
\Gm@layoutwidth=\dimen147
\Gm@layoutheight=\dimen148
\Gm@layouthoffset=\dimen149
\Gm@layoutvoffset=\dimen150
\Gm@dimlist=\toks18
) (/usr/local/texlive/2022/texmf-dist/tex/latex/base/inputenc.sty
Package: inputenc 2021/02/14 v1.3d Input encoding file
\inpenc@prehook=\toks19
\inpenc@posthook=\toks20
) (/usr/local/texlive/2022/texmf-dist/tex/latex/psnfss/palatino.sty
Package: palatino 2020/03/25 PSNFSS-v9.3 (SPQR) 
) (/usr/local/texlive/2022/texmf-dist/tex/generic/babel/babel.sty
Package: babel 2022/02/26 3.73 The Babel package
\babel@savecnt=\count271
\U@D=\dimen151
\l@unhyphenated=\language87
 (/usr/local/texlive/2022/texmf-dist/tex/generic/babel/txtbabel.def)
\bbl@readstream=\read2
\bbl@dirlevel=\count272
 (/usr/local/texlive/2022/texmf-dist/tex/generic/babel-english/english.ldf
Language: english 2017/06/06 v3.3r English support from the babel system
Package babel Info: Hyphen rules for 'canadian' set to \l@english
(babel)             (\language0). Reported on input line 102.
Package babel Info: Hyphen rules for 'australian' set to \l@ukenglish
(babel)             (\language21). Reported on input line 105.
Package babel Info: Hyphen rules for 'newzealand' set to \l@ukenglish
(babel)             (\language21). Reported on input line 108.
)) (/usr/local/texlive/2022/texmf-dist/tex/latex/graphics/graphicx.sty
Package: graphicx 2021/09/16 v1.2d Enhanced LaTeX Graphics (DPC,SPQR)
 (/usr/local/texlive/2022/texmf-dist/tex/latex/graphics/graphics.sty
Package: graphics 2021/03/04 v1.4d Standard LaTeX Graphics (DPC,SPQR)
 (/usr/local/texlive/2022/texmf-dist/tex/latex/graphics/trig.sty
Package: trig 2021/08/11 v1.11 sin cos tan (DPC)
) (/usr/local/texlive/2022/texmf-dist/tex/latex/graphics-cfg/graphics.cfg
File: graphics.cfg 2016/06/04 v1.11 sample graphics configuration
)
Package graphics Info: Driver file: pdftex.def on input line 107.
 (/usr/local/texlive/2022/texmf-dist/tex/latex/graphics-def/pdftex.def
File: pdftex.def 2020/10/05 v1.2a Graphics/color driver for pdftex
))
\Gin@req@height=\dimen152
\Gin@req@width=\dimen153
) (/usr/local/texlive/2022/texmf-dist/tex/latex/tools/indentfirst.sty
Package: indentfirst 1995/11/23 v1.03 Indent first paragraph (DPC)
) (/usr/local/texlive/2022/texmf-dist/tex/latex/tocbibind/tocbibind.sty
Package: tocbibind 2010/10/13 v1.5k extra ToC listings
Package tocbibind Info: The document has chapter divisions on input line 50.


Package tocbibind Note: Using chapter style headings, unless overridden.

) (/usr/local/texlive/2022/texmf-dist/tex/latex/hyperref/hyperref.sty
Package: hyperref 2022-02-21 v7.00n Hypertext links for LaTeX
 (/usr/local/texlive/2022/texmf-dist/tex/generic/ltxcmds/ltxcmds.sty
Package: ltxcmds 2020-05-10 v1.25 LaTeX kernel commands for general use (HO)
) (/usr/local/texlive/2022/texmf-dist/tex/generic/pdftexcmds/pdftexcmds.sty
Package: pdftexcmds 2020-06-27 v0.33 Utility functions of pdfTeX for LuaTeX (HO)
 (/usr/local/texlive/2022/texmf-dist/tex/generic/infwarerr/infwarerr.sty
Package: infwarerr 2019/12/03 v1.5 Providing info/warning/error messages (HO)
)
Package pdftexcmds Info: \pdf@primitive is available.
Package pdftexcmds Info: \pdf@ifprimitive is available.
Package pdftexcmds Info: \pdfdraftmode found.
) (/usr/local/texlive/2022/texmf-dist/tex/generic/kvsetkeys/kvsetkeys.sty
Package: kvsetkeys 2019/12/15 v1.18 Key value parser (HO)
) (/usr/local/texlive/2022/texmf-dist/tex/generic/kvdefinekeys/kvdefinekeys.sty
Package: kvdefinekeys 2019-12-19 v1.6 Define keys (HO)
) (/usr/local/texlive/2022/texmf-dist/tex/generic/pdfescape/pdfescape.sty
Package: pdfescape 2019/12/09 v1.15 Implements pdfTeX's escape features (HO)
) (/usr/local/texlive/2022/texmf-dist/tex/latex/hycolor/hycolor.sty
Package: hycolor 2020-01-27 v1.10 Color options for hyperref/bookmark (HO)
) (/usr/local/texlive/2022/texmf-dist/tex/latex/letltxmacro/letltxmacro.sty
Package: letltxmacro 2019/12/03 v1.6 Let assignment for LaTeX macros (HO)
) (/usr/local/texlive/2022/texmf-dist/tex/latex/auxhook/auxhook.sty
Package: auxhook 2019-12-17 v1.6 Hooks for auxiliary files (HO)
) (/usr/local/texlive/2022/texmf-dist/tex/latex/kvoptions/kvoptions.sty
Package: kvoptions 2020-10-07 v3.14 Key value format for package options (HO)
)
\@linkdim=\dimen154
\Hy@linkcounter=\count273
\Hy@pagecounter=\count274
 (/usr/local/texlive/2022/texmf-dist/tex/latex/hyperref/pd1enc.def
File: pd1enc.def 2022-02-21 v7.00n Hyperref: PDFDocEncoding definition (HO)
Now handling font encoding PD1 ...
... no UTF-8 mapping file for font encoding PD1
) (/usr/local/texlive/2022/texmf-dist/tex/generic/intcalc/intcalc.sty
Package: intcalc 2019/12/15 v1.3 Expandable calculations with integers (HO)
) (/usr/local/texlive/2022/texmf-dist/tex/generic/etexcmds/etexcmds.sty
Package: etexcmds 2019/12/15 v1.7 Avoid name clashes with e-TeX commands (HO)
)
\Hy@SavedSpaceFactor=\count275
 (/usr/local/texlive/2022/texmf-dist/tex/latex/hyperref/puenc.def
File: puenc.def 2022-02-21 v7.00n Hyperref: PDF Unicode definition (HO)
Now handling font encoding PU ...
... no UTF-8 mapping file for font encoding PU
)
Package hyperref Info: Option `unicode' set `true' on input line 4018.
Package hyperref Info: Hyper figures OFF on input line 4137.
Package hyperref Info: Link nesting OFF on input line 4142.
Package hyperref Info: Hyper index ON on input line 4145.
Package hyperref Info: Plain pages OFF on input line 4152.
Package hyperref Info: Backreferencing OFF on input line 4157.
Package hyperref Info: Implicit mode ON; LaTeX internals redefined.
Package hyperref Info: Bookmarks ON on input line 4390.
\c@Hy@tempcnt=\count276
 (/usr/local/texlive/2022/texmf-dist/tex/latex/url/url.sty
\Urlmuskip=\muskip16
Package: url 2013/09/16  ver 3.4  Verb mode for urls, etc.
)
LaTeX Info: Redefining \url on input line 4749.
\XeTeXLinkMargin=\dimen155
 (/usr/local/texlive/2022/texmf-dist/tex/generic/bitset/bitset.sty
Package: bitset 2019/12/09 v1.3 Handle bit-vector datatype (HO)
 (/usr/local/texlive/2022/texmf-dist/tex/generic/bigintcalc/bigintcalc.sty
Package: bigintcalc 2019/12/15 v1.5 Expandable calculations on big integers (HO)
))
\Fld@menulength=\count277
\Field@Width=\dimen156
\Fld@charsize=\dimen157
Package hyperref Info: Hyper figures OFF on input line 6027.
Package hyperref Info: Link nesting OFF on input line 6032.
Package hyperref Info: Hyper index ON on input line 6035.
Package hyperref Info: backreferencing OFF on input line 6042.
Package hyperref Info: Link coloring OFF on input line 6047.
Package hyperref Info: Link coloring with OCG OFF on input line 6052.
Package hyperref Info: PDF/A mode OFF on input line 6057.
LaTeX Info: Redefining \ref on input line 6097.
LaTeX Info: Redefining \pageref on input line 6101.
 (/usr/local/texlive/2022/texmf-dist/tex/latex/base/atbegshi-ltx.sty
Package: atbegshi-ltx 2021/01/10 v1.0c Emulation of the original atbegshi
package with kernel methods
)
\Hy@abspage=\count278
\c@Item=\count279
\c@Hfootnote=\count280
)
Package hyperref Info: Driver (autodetected): hpdftex.
 (/usr/local/texlive/2022/texmf-dist/tex/latex/hyperref/hpdftex.def
File: hpdftex.def 2022-02-21 v7.00n Hyperref driver for pdfTeX
 (/usr/local/texlive/2022/texmf-dist/tex/latex/base/atveryend-ltx.sty
Package: atveryend-ltx 2020/08/19 v1.0a Emulation of the original atveryend package
with kernel methods
)
\Fld@listcount=\count281
\c@bookmark@seq@number=\count282
 (/usr/local/texlive/2022/texmf-dist/tex/latex/rerunfilecheck/rerunfilecheck.sty
Package: rerunfilecheck 2019/12/05 v1.9 Rerun checks for auxiliary files (HO)
 (/usr/local/texlive/2022/texmf-dist/tex/generic/uniquecounter/uniquecounter.sty
Package: uniquecounter 2019/12/15 v1.4 Provide unlimited unique counter (HO)
)
Package uniquecounter Info: New unique counter `rerunfilecheck' on input line 286.
)
\Hy@SectionHShift=\skip49
) (/usr/local/texlive/2022/texmf-dist/tex/latex/xcolor/xcolor.sty
Package: xcolor 2021/10/31 v2.13 LaTeX color extensions (UK)
 (/usr/local/texlive/2022/texmf-dist/tex/latex/graphics-cfg/color.cfg
File: color.cfg 2016/01/02 v1.6 sample color configuration
)
Package xcolor Info: Driver file: pdftex.def on input line 227.
Package xcolor Info: Model `cmy' substituted by `cmy0' on input line 1352.
Package xcolor Info: Model `hsb' substituted by `rgb' on input line 1356.
Package xcolor Info: Model `RGB' extended on input line 1368.
Package xcolor Info: Model `HTML' substituted by `rgb' on input line 1370.
Package xcolor Info: Model `Hsb' substituted by `hsb' on input line 1371.
Package xcolor Info: Model `tHsb' substituted by `hsb' on input line 1372.
Package xcolor Info: Model `HSB' substituted by `hsb' on input line 1373.
Package xcolor Info: Model `Gray' substituted by `gray' on input line 1374.
Package xcolor Info: Model `wave' substituted by `hsb' on input line 1375.
) (/usr/local/texlive/2022/texmf-dist/tex/latex/wrapfig/wrapfig.sty
\wrapoverhang=\dimen158
\WF@size=\dimen159
\c@WF@wrappedlines=\count283
\WF@box=\box52
\WF@everypar=\toks21
Package: wrapfig 2003/01/31  v 3.6
) (/usr/local/texlive/2022/texmf-dist/tex/latex/appendix/appendix.sty
Package: appendix 2020/02/08 v1.2c extra appendix facilities
\c@@pps=\count284
\c@@ppsavesec=\count285
\c@@ppsaveapp=\count286
) (./solidity-highlighting.tex)
LaTeX Font Info:    Trying to load font information for OT1+ppl on input line 66.
 (/usr/local/texlive/2022/texmf-dist/tex/latex/psnfss/ot1ppl.fd
File: ot1ppl.fd 2001/06/04 font definitions for OT1/ppl.
) (/usr/local/texlive/2022/texmf-dist/tex/latex/l3backend/l3backend-pdftex.def
File: l3backend-pdftex.def 2022-02-07 L3 backend support: PDF output (pdfTeX)
\l__color_backend_stack_int=\count287
\l__pdf_internal_box=\box53
) (./main.aux)
\openout1 = `main.aux'.

LaTeX Font Info:    Checking defaults for OML/cmm/m/it on input line 66.
LaTeX Font Info:    ... okay on input line 66.
LaTeX Font Info:    Checking defaults for OMS/cmsy/m/n on input line 66.
LaTeX Font Info:    ... okay on input line 66.
LaTeX Font Info:    Checking defaults for OT1/cmr/m/n on input line 66.
LaTeX Font Info:    ... okay on input line 66.
LaTeX Font Info:    Checking defaults for T1/cmr/m/n on input line 66.
LaTeX Font Info:    ... okay on input line 66.
LaTeX Font Info:    Checking defaults for TS1/cmr/m/n on input line 66.
LaTeX Font Info:    ... okay on input line 66.
LaTeX Font Info:    Checking defaults for OMX/cmex/m/n on input line 66.
LaTeX Font Info:    ... okay on input line 66.
LaTeX Font Info:    Checking defaults for U/cmr/m/n on input line 66.
LaTeX Font Info:    ... okay on input line 66.
LaTeX Font Info:    Checking defaults for PD1/pdf/m/n on input line 66.
LaTeX Font Info:    ... okay on input line 66.
LaTeX Font Info:    Checking defaults for PU/pdf/m/n on input line 66.
LaTeX Font Info:    ... okay on input line 66.
\c@lstlisting=\count288

*geometry* driver: auto-detecting
*geometry* detected driver: pdftex
*geometry* verbose mode - [ preamble ] result:
* driver: pdftex
* paper: a4paper
* layout: <same size as paper>
* layoutoffset:(h,v)=(0.0pt,0.0pt)
* modes: 
* h-part:(L,W,R)=(85.35826pt, 455.24411pt, 56.9055pt)
* v-part:(T,H,B)=(56.9055pt, 731.23584pt, 56.9055pt)
* \paperwidth=597.50787pt
* \paperheight=845.04684pt
* \textwidth=455.24411pt
* \textheight=731.23584pt
* \oddsidemargin=13.08827pt
* \evensidemargin=13.08827pt
* \topmargin=-52.36449pt
* \headheight=12.0pt
* \headsep=25.0pt
* \topskip=12.0pt
* \footskip=30.0pt
* \marginparwidth=44.0pt
* \marginparsep=10.0pt
* \columnsep=10.0pt
* \skip\footins=10.8pt plus 4.0pt minus 2.0pt
* \hoffset=0.0pt
* \voffset=0.0pt
* \mag=1000
* \@twocolumnfalse
* \@twosidefalse
* \@mparswitchfalse
* \@reversemarginfalse
* (1in=72.27pt=25.4mm, 1cm=28.453pt)

(/usr/local/texlive/2022/texmf-dist/tex/context/base/mkii/supp-pdf.mkii
[Loading MPS to PDF converter (version 2006.09.02).]
\scratchcounter=\count289
\scratchdimen=\dimen160
\scratchbox=\box54
\nofMPsegments=\count290
\nofMParguments=\count291
\everyMPshowfont=\toks22
\MPscratchCnt=\count292
\MPscratchDim=\dimen161
\MPnumerator=\count293
\makeMPintoPDFobject=\count294
\everyMPtoPDFconversion=\toks23
) (/usr/local/texlive/2022/texmf-dist/tex/latex/epstopdf-pkg/epstopdf-base.sty
Package: epstopdf-base 2020-01-24 v2.11 Base part for package epstopdf
 (/usr/local/texlive/2022/texmf-dist/tex/latex/grfext/grfext.sty
Package: grfext 2019/12/03 v1.3 Manage graphics extensions (HO)
)
Package epstopdf-base Info: Redefining graphics rule for `.eps' on input line 485.
Package grfext Info: Graphics extension search list:
(grfext)             [.pdf,.png,.jpg,.mps,.jpeg,.jbig2,.jb2,.PDF,.PNG,.JPG,.JPEG,.JBIG2,.JB2,.eps]
(grfext)             \AppendGraphicsExtensions on input line 504.
 (/usr/local/texlive/2022/texmf-dist/tex/latex/latexconfig/epstopdf-sys.cfg
File: epstopdf-sys.cfg 2010/07/13 v1.3 Configuration of (r)epstopdf for TeX Live
))
Package hyperref Info: Link coloring OFF on input line 66.
 (/usr/local/texlive/2022/texmf-dist/tex/latex/hyperref/nameref.sty
Package: nameref 2021-04-02 v2.47 Cross-referencing by name of section
 (/usr/local/texlive/2022/texmf-dist/tex/latex/refcount/refcount.sty
Package: refcount 2019/12/15 v3.6 Data extraction from label references (HO)
) (/usr/local/texlive/2022/texmf-dist/tex/generic/gettitlestring/gettitlestring.sty
Package: gettitlestring 2019/12/15 v1.6 Cleanup title references (HO)
)
\c@section@level=\count295
)
LaTeX Info: Redefining \ref on input line 66.
LaTeX Info: Redefining \pageref on input line 66.
LaTeX Info: Redefining \nameref on input line 66.
 (./main.out) (./main.out)
\@outlinefile=\write3
\openout3 = `main.out'.

 (./front/macros.tex) (./front/cover.tex
LaTeX Font Info:    External font `cmex10' loaded for size
(Font)              <14.4> on input line 6.
LaTeX Font Info:    External font `cmex10' loaded for size
(Font)              <7> on input line 6.
<images//logoFii.png, id=172, 193.47281pt x 188.95593pt>
File: images//logoFii.png Graphic file (type png)
<use images//logoFii.png>
Package pdftex.def Info: images//logoFii.png  used on input line 13.
(pdftex.def)             Requested size: 136.57462pt x 133.38693pt.
 [1

{/usr/local/texlive/2022/texmf-var/fonts/map/pdftex/updmap/pdftex.map} <./images//logoFii.png>]) (./front/titlepage.tex
pdfTeX warning (ext4): destination with the same identifier (name{page.}) has been already used, duplicate ignored
<to be read again> 
                   \relax 
l.35 \end{titlepage}
                     [1]) (./main.toc
LaTeX Font Info:    External font `cmex10' loaded for size
(Font)              <12> on input line 4.
LaTeX Font Info:    External font `cmex10' loaded for size
(Font)              <8> on input line 4.
LaTeX Font Info:    External font `cmex10' loaded for size
(Font)              <6> on input line 4.

pdfTeX warning (ext4): destination with the same identifier (name{page.}) has been already used, duplicate ignored
<to be read again> 
                   \relax 
l.27 ...{5}YUL Optimizer Deep Dive}{22}{chapter.5}
                                                  % [1

])
\tf@toc=\write4
\openout4 = `main.toc'.


pdfTeX warning (ext4): destination with the same identifier (name{page.}) has been already used, duplicate ignored
<to be read again> 
                   \relax 
l.81     \cleardoublepage
                          [2] (./main.lof
Overfull \hbox (1.74782pt too wide) in paragraph at lines 19--19
 \OT1/ppl/m/n/12 Un-usedAs-signE-lim-i-na-tor does not han-dle ter-mi-na-tion flows while prun- 
 []


pdfTeX warning (ext4): destination with the same identifier (name{page.}) has been already used, duplicate ignored
<to be read again> 
                   \relax 
l.20 ...o prune unreachable code}}{29}{figure.5.5}
                                                  % [3


]
Overfull \hbox (2.04756pt too wide) in paragraph at lines 20--20
 [][] [][]\OT1/ppl/m/n/12 Example of ter-mi-na-tion flow in-side a YUL AST's ba-sic block node. Dead- 
 []

)
\tf@lof=\write5
\openout5 = `main.lof'.

 (./chapters/introduction.tex [1]
Chapter 1.
[2

]
LaTeX Font Info:    External font `cmex10' loaded for size
(Font)              <5> on input line 22.
 [3]) [4] (./chapters/contributions.tex
Chapter 2.

Overfull \hbox (4.83035pt too wide) in paragraph at lines 11--12
\OT1/ppl/m/n/12 fa-mil-iar with the in-ter-nal op-ti-mizer struc-ture and try con-struct-ing edge cases not treated
 []

[5


]) [6] (./chapters/chapter1.tex
Chapter 3.
<images/solidity_interest.png, id=353, 1162.3425pt x 396.48125pt>
File: images/solidity_interest.png Graphic file (type png)
<use images/solidity_interest.png>
Package pdftex.def Info: images/solidity_interest.png  used on input line 12.
(pdftex.def)             Requested size: 426.79134pt x 145.5826pt.
<images/dune_analytics_2022.png, id=354, 1447.4075pt x 837.1275pt>
File: images/dune_analytics_2022.png Graphic file (type png)
<use images/dune_analytics_2022.png>
Package pdftex.def Info: images/dune_analytics_2022.png  used on input line 19.
(pdftex.def)             Requested size: 426.79134pt x 246.83551pt.
[7


 <./images/solidity_interest.png>]
LaTeX Font Info:    Trying to load font information for OT1+pcr on input line 29.
 (/usr/local/texlive/2022/texmf-dist/tex/latex/psnfss/ot1pcr.fd
File: ot1pcr.fd 2001/06/04 font definitions for OT1/pcr.
) [8 <./images/dune_analytics_2022.png>]
<images/solc_flow.png, id=375, 2794.44pt x 803.0pt>
File: images/solc_flow.png Graphic file (type png)
<use images/solc_flow.png>
Package pdftex.def Info: images/solc_flow.png  used on input line 39.
(pdftex.def)             Requested size: 426.79134pt x 122.63805pt.
 [9 <./images/solc_flow.png>]
<images/solidity_ast_example.png, id=385, 1126.2075pt x 472.76625pt>
File: images/solidity_ast_example.png Graphic file (type png)
<use images/solidity_ast_example.png>
Package pdftex.def Info: images/solidity_ast_example.png  used on input line 55.
(pdftex.def)             Requested size: 426.79134pt x 179.16249pt.
 [10 <./images/solidity_ast_example.png>]
Package hyperref Info: bookmark level for unknown lstlisting defaults to 0 on input line 73.
<images/yul_ast_node_types.png, id=398, 3509.11pt x 746.79pt>
File: images/yul_ast_node_types.png Graphic file (type png)
<use images/yul_ast_node_types.png>
Package pdftex.def Info: images/yul_ast_node_types.png  used on input line 95.
(pdftex.def)             Requested size: 455.24411pt x 96.88098pt.
 [11 <./images/yul_ast_node_types.png>]
<images/sif_workflow.png, id=422, 831.105pt x 268.00125pt>
File: images/sif_workflow.png Graphic file (type png)
<use images/sif_workflow.png>
Package pdftex.def Info: images/sif_workflow.png  used on input line 111.
(pdftex.def)             Requested size: 426.79134pt x 137.62346pt.
 [12 <./images/sif_workflow.png>]
<images/slither_architecture.png, id=432, 601.24625pt x 209.78375pt>
File: images/slither_architecture.png Graphic file (type png)
<use images/slither_architecture.png>
Package pdftex.def Info: images/slither_architecture.png  used on input line 128.
(pdftex.def)             Requested size: 426.79134pt x 148.91867pt.
) (./chapters/chapter2.tex [13 <./images/slither_architecture.png>]
Chapter 4.
[14

]
LaTeX Font Info:    Trying to load font information for TS1+ppl on input line 16.
 (/usr/local/texlive/2022/texmf-dist/tex/latex/psnfss/ts1ppl.fd
File: ts1ppl.fd 2001/06/04 font definitions for TS1/ppl.
) [15]
<images/cfg_rust_example.png, id=464, 847.165pt x 1267.73625pt>
File: images/cfg_rust_example.png Graphic file (type png)
<use images/cfg_rust_example.png>
Package pdftex.def Info: images/cfg_rust_example.png  used on input line 40.
(pdftex.def)             Requested size: 426.79134pt x 638.66391pt.
 [16] [17 <./images/cfg_rust_example.png>]
<images/dag_peephole.png, id=484, 1541.76pt x 770.88pt>
File: images/dag_peephole.png Graphic file (type png)
<use images/dag_peephole.png>
Package pdftex.def Info: images/dag_peephole.png  used on input line 73.
(pdftex.def)             Requested size: 426.79134pt x 213.38654pt.
 [18] [19 <./images/dag_peephole.png>] [20]) (./chapters/chapter3.tex [21]
Chapter 5.
[22

] [23]
Underfull \hbox (badness 1231) in paragraph at lines 60--60
[][][]\OT1/ppl/m/n/10 The cor-re-spond-ing com-mands are [][][][][][][][][][][][][][][][][][][][][][][][][][][][][][][][][][][][][][][][][][][][][][]
 []

<images/optimization_order_ur.png, id=585, 1725.44624pt x 359.3425pt>
File: images/optimization_order_ur.png Graphic file (type png)
<use images/optimization_order_ur.png>
Package pdftex.def Info: images/optimization_order_ur.png  used on input line 84.
(pdftex.def)             Requested size: 455.24411pt x 94.80858pt.
<images/optimization_order_ru.png, id=588, 1721.43124pt x 355.3275pt>
File: images/optimization_order_ru.png Graphic file (type png)
<use images/optimization_order_ru.png>
Package pdftex.def Info: images/optimization_order_ru.png  used on input line 91.
(pdftex.def)             Requested size: 455.24411pt x 93.96614pt.
[24] [25 <./images/optimization_order_ur.png> <./images/optimization_order_ru.png>] [26]
<images/cfg_control_flow_types.png, id=646, 1278.7775pt x 505.89pt>
File: images/cfg_control_flow_types.png Graphic file (type png)
<use images/cfg_control_flow_types.png>
Package pdftex.def Info: images/cfg_control_flow_types.png  used on input line 139.
(pdftex.def)             Requested size: 284.52756pt x 112.56209pt.
 [27 <./images/cfg_control_flow_types.png>]
<images/unused_assign_eliminator_termination2.png, id=666, 1426.32875pt x 236.885pt>
File: images/unused_assign_eliminator_termination2.png Graphic file (type png)
<use images/unused_assign_eliminator_termination2.png>
Package pdftex.def Info: images/unused_assign_eliminator_termination2.png  used on input line 186.
(pdftex.def)             Requested size: 455.24411pt x 75.60594pt.
<images/basic_block_termination_ast_example.png, id=667, 3276.24pt x 1648.1575pt>
File: images/basic_block_termination_ast_example.png Graphic file (type png)
<use images/basic_block_termination_ast_example.png>
Package pdftex.def Info: images/basic_block_termination_ast_example.png  used on input line 196.
(pdftex.def)             Requested size: 455.24411pt x 229.0052pt.
 [28]
Overfull \hbox (1.90599pt too wide) in paragraph at lines 202--203
[][][][][][][][][][][][] \OT1/ppl/m/n/12 func-tion for Ba-sic Blocks in the YUL AST. That is, when
 []

[29 <./images/unused_assign_eliminator_termination2.png> <./images/basic_block_termination_ast_example.png>]
<images/unused_assign_eliminator_handle_termination_flow.png, id=703, 1414.28375pt x 631.35875pt>
File: images/unused_assign_eliminator_handle_termination_flow.png Graphic file (type png)
<use images/unused_assign_eliminator_handle_termination_flow.png>
Package pdftex.def Info: images/unused_assign_eliminator_handle_termination_flow.png  used on input line 213.
(pdftex.def)             Requested size: 455.24411pt x 203.22388pt.
 [30 <./images/unused_assign_eliminator_handle_termination_flow.png>]) (./chapters/chapter4.tex [31]
Chapter 6.
[32

]
Overfull \hbox (3.0949pt too wide) in paragraph at lines 17--36
 [] 
 []


Underfull \hbox (badness 10000) in paragraph at lines 37--37
[]\OT1/ppl/m/n/12 Table 6.1: [][] Gas costs for con-tract de-ploy-ment and ex-e-cu-tion of the
 []

[33]) (./chapters/conclusions.tex [34]
Chapter 7.
) (./chapters/bibliography.tex [35

]) [36

] [37


]
Appendix A.
[38

]
Appendix B.
[39

]
Appendix C.
[40

]
Appendix D.
[41

]
Appendix E.
[42

]
Appendix F.
[43

]
Appendix G.
[44

] (./main.aux)
Package rerunfilecheck Info: File `main.out' has not changed.
(rerunfilecheck)             Checksum: 1DC85A180F11E06430C62127145660EE;6778.
 ) 
Here is how much of TeX's memory you used:
 13245 strings out of 478268
 207287 string characters out of 5846347
 764789 words of memory out of 5000000
 30716 multiletter control sequences out of 15000+600000
 489286 words of font info for 75 fonts, out of 8000000 for 9000
 1141 hyphenation exceptions out of 8191
 60i,12n,63p,1409b,1895s stack positions out of 10000i,1000n,20000p,200000b,200000s
{/usr/local/texlive/2022/texmf-dist/fonts/enc/dvips/base/8r.enc}</usr/local/texlive/2022/texmf-dist/fonts/type1/public/amsfonts/cm/cmmi12.pfb></usr/local/texlive/2022/texmf-dist/fonts/type1/public/amsfonts/cm/cmmi8.pfb></usr/local/texlive/2022/texmf-dist/fonts/type1/public/amsfonts/cm/cmr12.pfb></usr/local/texlive/2022/texmf-dist/fonts/type1/public/amsfonts/cm/cmr8.pfb></usr/local/texlive/2022/texmf-dist/fonts/type1/public/amsfonts/cm/cmsy10.pfb></usr/local/texlive/2022/texmf-dist/fonts/type1/public/amsfonts/cm/cmsy8.pfb></usr/local/texlive/2022/texmf-dist/fonts/type1/urw/courier/ucrb8a.pfb></usr/local/texlive/2022/texmf-dist/fonts/type1/urw/courier/ucrr8a.pfb></usr/local/texlive/2022/texmf-dist/fonts/type1/urw/palatino/uplb8a.pfb></usr/local/texlive/2022/texmf-dist/fonts/type1/urw/palatino/uplr8a.pfb></usr/local/texlive/2022/texmf-dist/fonts/type1/urw/palatino/uplri8a.pfb>
Output written on main.pdf (49 pages, 2806800 bytes).
PDF statistics:
 1153 PDF objects out of 1200 (max. 8388607)
 1033 compressed objects within 11 object streams
 515 named destinations out of 1000 (max. 500000)
 417 words of extra memory for PDF output out of 10000 (max. 10000000)

